0 verbose cli C:\Program Files\nodejs\node.exe C:\Users\Malu&Matheus\AppData\Roaming\npm\node_modules\npm\bin\npm-cli.js
1 info using npm@11.1.0
2 info using node@v20.17.0
3 silly config load:file:C:\Users\Malu&Matheus\AppData\Roaming\npm\node_modules\npm\npmrc
4 silly config load:file:C:\meus-projetos\api-debtor-customers\.npmrc
5 silly config load:file:C:\Users\Malu&Matheus\.npmrc
6 silly config load:file:C:\Users\Malu&Matheus\AppData\Roaming\npm\etc\npmrc
7 verbose title npm install render
8 verbose argv "install" "render"
9 verbose logfile logs-max:10 dir:C:\meus-projetos\api-debtor-customers\npm-cache\_logs\2025-03-14T22_03_05_181Z-
10 verbose logfile C:\meus-projetos\api-debtor-customers\npm-cache\_logs\2025-03-14T22_03_05_181Z-debug-0.log
11 silly logfile done cleaning log files
12 silly packumentCache heap:2197815296 maxSize:549453824 maxEntrySize:274726912
13 silly idealTree buildDeps
14 silly fetch manifest render@*
15 silly packumentCache full:https://registry.npmjs.org/render cache-miss
16 http fetch GET 200 https://registry.npmjs.org/render 2979ms (cache miss)
17 silly packumentCache full:https://registry.npmjs.org/render set size:undefined disposed:false
18 silly placeDep ROOT render@0.1.4 OK for: api-debtor-customers@1.0.0 want: *
19 silly fetch manifest traverser@0.0.x
20 silly packumentCache full:https://registry.npmjs.org/traverser cache-miss
21 http fetch GET 200 https://registry.npmjs.org/traverser 919ms (cache miss)
22 silly packumentCache full:https://registry.npmjs.org/traverser set size:undefined disposed:false
23 silly placeDep ROOT traverser@0.0.5 OK for: render@0.1.4 want: 0.0.x
24 silly fetch manifest curry@0.0.x
25 silly packumentCache full:https://registry.npmjs.org/curry cache-miss
26 http fetch GET 200 https://registry.npmjs.org/curry 179ms (cache miss)
27 silly packumentCache full:https://registry.npmjs.org/curry set size:undefined disposed:false
28 silly placeDep ROOT curry@0.0.4 OK for: traverser@0.0.5 want: 0.0.x
29 silly reify moves {}
30 silly audit bulk request {
30 silly audit   '@gar/promisify': [ '1.1.3' ],
30 silly audit   '@mapbox/node-pre-gyp': [ '1.0.11' ],
30 silly audit   'are-we-there-yet': [ '2.0.0', '3.0.1' ],
30 silly audit   gauge: [ '3.0.2', '4.0.4' ],
30 silly audit   npmlog: [ '5.0.1', '6.0.2' ],
30 silly audit   '@npmcli/fs': [ '1.1.1' ],
30 silly audit   '@npmcli/move-file': [ '1.1.2' ],
30 silly audit   '@pm2/agent': [ '2.0.4' ],
30 silly audit   dayjs: [ '1.8.36', '1.11.13' ],
30 silly audit   debug: [ '4.3.7', '4.4.0', '4.3.6', '2.6.9', '4.3.4', '3.2.7' ],
30 silly audit   ms: [ '2.1.3', '2.1.2', '2.0.0' ],
30 silly audit   semver: [ '7.5.4', '6.3.1', '7.6.3' ],
30 silly audit   '@pm2/io': [ '6.0.1' ],
30 silly audit   async: [ '2.6.4', '3.2.6' ],
30 silly audit   eventemitter2: [ '6.4.9', '5.0.1', '0.4.14' ],
30 silly audit   '@pm2/js-api': [ '0.8.0' ],
30 silly audit   '@pm2/pm2-version-check': [ '1.0.4' ],
30 silly audit   '@tootallnate/once': [ '1.1.2' ],
30 silly audit   '@tootallnate/quickjs-emscripten': [ '0.23.0' ],
30 silly audit   abbrev: [ '1.1.1' ],
30 silly audit   accepts: [ '1.3.8' ],
30 silly audit   'agent-base': [ '6.0.2', '7.1.3' ],
30 silly audit   agentkeepalive: [ '4.5.0' ],
30 silly audit   'aggregate-error': [ '3.1.0' ],
30 silly audit   amp: [ '0.3.1' ],
30 silly audit   'amp-message': [ '0.1.2' ],
30 silly audit   'ansi-colors': [ '4.1.3' ],
30 silly audit   'ansi-regex': [ '5.0.1' ],
30 silly audit   'ansi-styles': [ '4.3.0' ],
30 silly audit   anymatch: [ '3.1.3' ],
30 silly audit   aproba: [ '2.0.0' ],
30 silly audit   argparse: [ '2.0.1' ],
30 silly audit   'array-flatten': [ '1.1.1' ],
30 silly audit   'ast-types': [ '0.13.4' ],
30 silly audit   tslib: [ '2.8.1', '1.9.3' ],
30 silly audit   asynckit: [ '0.4.0' ],
30 silly audit   axios: [ '1.7.9' ],
30 silly audit   'balanced-match': [ '1.0.2' ],
30 silly audit   'base64-js': [ '1.5.1' ],
30 silly audit   'basic-ftp': [ '5.0.5' ],
30 silly audit   bcrypt: [ '5.1.1' ],
30 silly audit   'node-addon-api': [ '5.1.0', '7.1.1' ],
30 silly audit   bcryptjs: [ '2.4.3' ],
30 silly audit   'binary-extensions': [ '2.3.0' ],
30 silly audit   bindings: [ '1.5.0' ],
30 silly audit   bl: [ '4.1.0' ],
30 silly audit   blessed: [ '0.1.81' ],
30 silly audit   bodec: [ '0.1.0' ],
30 silly audit   'body-parser': [ '1.20.3' ],
30 silly audit   'brace-expansion': [ '1.1.11' ],
30 silly audit   braces: [ '3.0.3' ],
30 silly audit   buffer: [ '5.7.1' ],
30 silly audit   'buffer-equal-constant-time': [ '1.0.1' ],
30 silly audit   'buffer-from': [ '1.1.2' ],
30 silly audit   bytes: [ '3.1.2' ],
30 silly audit   cacache: [ '15.3.0' ],
30 silly audit   'call-bind': [ '1.0.8' ],
30 silly audit   'call-bind-apply-helpers': [ '1.0.1' ],
30 silly audit   chalk: [ '3.0.0' ],
30 silly audit   'has-flag': [ '4.0.0', '3.0.0' ],
30 silly audit   'supports-color': [ '7.2.0', '5.5.0' ],
30 silly audit   charm: [ '0.1.2' ],
30 silly audit   chokidar: [ '3.6.0' ],
30 silly audit   chownr: [ '2.0.0', '1.1.4' ],
30 silly audit   'clean-stack': [ '2.2.0' ],
30 silly audit   'cli-tableau': [ '2.0.1' ],
30 silly audit   'color-convert': [ '2.0.1' ],
30 silly audit   'color-name': [ '1.1.4' ],
30 silly audit   'color-support': [ '1.1.3' ],
30 silly audit   colorette: [ '2.0.19' ],
30 silly audit   'combined-stream': [ '1.0.8' ],
30 silly audit   commander: [ '10.0.1', '2.15.1' ],
30 silly audit   'concat-map': [ '0.0.1' ],
30 silly audit   'console-control-strings': [ '1.1.0' ],
30 silly audit   'content-disposition': [ '0.5.4' ],
30 silly audit   'content-type': [ '1.0.5' ],
30 silly audit   cookie: [ '0.7.1' ],
30 silly audit   'cookie-signature': [ '1.0.6' ],
30 silly audit   cors: [ '2.8.5' ],
30 silly audit   croner: [ '4.1.97' ],
30 silly audit   culvert: [ '0.1.2' ],
30 silly audit   'data-uri-to-buffer': [ '6.0.2' ],
30 silly audit   'decompress-response': [ '6.0.0' ],
30 silly audit   'deep-extend': [ '0.6.0' ],
30 silly audit   'define-data-property': [ '1.1.4' ],
30 silly audit   degenerator: [ '5.0.1' ],
30 silly audit   'delayed-stream': [ '1.0.0' ],
30 silly audit   delegates: [ '1.0.0' ],
30 silly audit   depd: [ '2.0.0' ],
30 silly audit   destroy: [ '1.2.0' ],
30 silly audit   'detect-libc': [ '2.0.3' ],
30 silly audit   dotenv: [ '16.4.7' ],
30 silly audit   'dunder-proto': [ '1.0.0' ],
30 silly audit   'ecdsa-sig-formatter': [ '1.0.11' ],
30 silly audit   'ee-first': [ '1.1.1' ],
30 silly audit   'emoji-regex': [ '8.0.0' ],
30 silly audit   encodeurl: [ '2.0.0', '1.0.2' ],
30 silly audit   encoding: [ '0.1.13' ],
30 silly audit   'iconv-lite': [ '0.6.3', '0.4.24' ],
30 silly audit   'end-of-stream': [ '1.4.4' ],
30 silly audit   enquirer: [ '2.3.6' ],
30 silly audit   'env-paths': [ '2.2.1' ],
30 silly audit   'err-code': [ '2.0.3' ],
30 silly audit   'es-define-property': [ '1.0.1' ],
30 silly audit   'es-errors': [ '1.3.0' ],
30 silly audit   escalade: [ '3.1.2' ],
30 silly audit   'escape-html': [ '1.0.3' ],
30 silly audit   'escape-string-regexp': [ '4.0.0' ],
30 silly audit   escodegen: [ '2.1.0' ],
30 silly audit   esm: [ '3.2.25' ],
30 silly audit   esprima: [ '4.0.1' ],
30 silly audit   estraverse: [ '5.3.0' ],
30 silly audit   esutils: [ '2.0.3' ],
30 silly audit   etag: [ '1.8.1' ],
30 silly audit   'expand-template': [ '2.0.3' ],
30 silly audit   express: [ '4.21.2' ],
30 silly audit   'express-async-errors': [ '3.1.1' ],
30 silly audit   extrareqp2: [ '1.0.0' ],
30 silly audit   'fast-json-patch': [ '3.1.1' ],
30 silly audit   fclone: [ '1.0.11' ],
30 silly audit   'file-uri-to-path': [ '1.0.0' ],
30 silly audit   'fill-range': [ '7.1.1' ],
30 silly audit   finalhandler: [ '1.3.1' ],
30 silly audit   'follow-redirects': [ '1.15.9' ],
30 silly audit   'form-data': [ '4.0.1' ],
30 silly audit   forwarded: [ '0.2.0' ],
30 silly audit   fresh: [ '0.5.2' ],
30 silly audit   'fs-constants': [ '1.0.0' ],
30 silly audit   'fs-minipass': [ '2.1.0' ],
30 silly audit   'fs.realpath': [ '1.0.0' ],
30 silly audit   fsevents: [ '2.3.3' ],
30 silly audit   'function-bind': [ '1.1.2' ],
30 silly audit   'get-intrinsic': [ '1.2.5' ],
30 silly audit   'get-package-type': [ '0.1.0' ],
30 silly audit   'get-uri': [ '6.0.4' ],
30 silly audit   getopts: [ '2.3.0' ],
30 silly audit   'git-node-fs': [ '1.0.0' ],
30 silly audit   'git-sha1': [ '0.1.2' ],
30 silly audit   'github-from-package': [ '0.0.0' ],
30 silly audit   glob: [ '7.2.3' ],
30 silly audit   'glob-parent': [ '5.1.2' ],
30 silly audit   gopd: [ '1.2.0' ],
30 silly audit   'graceful-fs': [ '4.2.11' ],
30 silly audit   'has-property-descriptors': [ '1.0.2' ],
30 silly audit   'has-symbols': [ '1.1.0' ],
30 silly audit   'has-unicode': [ '2.0.1' ],
30 silly audit   hasown: [ '2.0.2' ],
30 silly audit   'http-cache-semantics': [ '4.1.1' ],
30 silly audit   'http-errors': [ '2.0.0' ],
30 silly audit   'http-proxy-agent': [ '4.0.1', '7.0.2' ],
30 silly audit   'https-proxy-agent': [ '5.0.1', '7.0.6' ],
30 silly audit   'humanize-ms': [ '1.2.1' ],
30 silly audit   ieee754: [ '1.2.1' ],
30 silly audit   'ignore-by-default': [ '1.0.1' ],
30 silly audit   imurmurhash: [ '0.1.4' ],
30 silly audit   'indent-string': [ '4.0.0' ],
30 silly audit   'infer-owner': [ '1.0.4' ],
30 silly audit   inflight: [ '1.0.6' ],
30 silly audit   inherits: [ '2.0.4' ],
30 silly audit   ini: [ '1.3.8' ],
30 silly audit   interpret: [ '2.2.0' ],
30 silly audit   'ip-address': [ '9.0.5' ],
30 silly audit   'ipaddr.js': [ '1.9.1' ],
30 silly audit   'is-binary-path': [ '2.1.0' ],
30 silly audit   'is-core-module': [ '2.15.1' ],
30 silly audit   'is-extglob': [ '2.1.1' ],
30 silly audit   'is-fullwidth-code-point': [ '3.0.0' ],
30 silly audit   'is-glob': [ '4.0.3' ],
30 silly audit   'is-lambda': [ '1.0.1' ],
30 silly audit   'is-number': [ '7.0.0' ],
30 silly audit   isexe: [ '2.0.0' ],
30 silly audit   'js-git': [ '0.7.8' ],
30 silly audit   'js-yaml': [ '4.1.0' ],
30 silly audit   jsbn: [ '1.1.0' ],
30 silly audit   'json-stringify-safe': [ '5.0.1' ],
30 silly audit   jsonwebtoken: [ '9.0.2' ],
30 silly audit   jwa: [ '1.4.1' ],
30 silly audit   jws: [ '3.2.2' ],
30 silly audit   knex: [ '3.1.0' ],
30 silly audit   lazy: [ '1.0.11' ],
30 silly audit   lodash: [ '4.17.21' ],
30 silly audit   'lodash.includes': [ '4.3.0' ],
30 silly audit   'lodash.isboolean': [ '3.0.3' ],
30 silly audit   'lodash.isinteger': [ '4.0.4' ],
30 silly audit   'lodash.isnumber': [ '3.0.3' ],
30 silly audit   'lodash.isplainobject': [ '4.0.6' ],
30 silly audit   'lodash.isstring': [ '4.0.1' ],
30 silly audit   'lodash.once': [ '4.1.1' ],
30 silly audit   'lru-cache': [ '6.0.0', '7.18.3' ],
30 silly audit   'make-dir': [ '3.1.0' ],
30 silly audit   'make-fetch-happen': [ '9.1.0' ],
30 silly audit   'media-typer': [ '0.3.0' ],
30 silly audit   'merge-descriptors': [ '1.0.3' ],
30 silly audit   methods: [ '1.1.2' ],
30 silly audit   mime: [ '1.6.0' ],
30 silly audit   'mime-db': [ '1.52.0' ],
30 silly audit   'mime-types': [ '2.1.35' ],
30 silly audit   'mimic-response': [ '3.1.0' ],
30 silly audit   minimatch: [ '3.1.2' ],
30 silly audit   minimist: [ '1.2.8' ],
30 silly audit   minipass: [ '3.3.6', '5.0.0' ],
30 silly audit   'minipass-collect': [ '1.0.2' ],
30 silly audit   'minipass-fetch': [ '1.4.1' ],
30 silly audit   'minipass-flush': [ '1.0.5' ],
30 silly audit   'minipass-pipeline': [ '1.2.4' ],
30 silly audit   'minipass-sized': [ '1.0.3' ],
30 silly audit   minizlib: [ '2.1.2' ],
30 silly audit   mkdirp: [ '1.0.4' ],
30 silly audit   'mkdirp-classic': [ '0.5.3' ],
30 silly audit   'module-details-from-path': [ '1.0.3' ],
30 silly audit   'mute-stream': [ '0.0.8' ],
30 silly audit   'napi-build-utils': [ '1.0.2' ],
30 silly audit   needle: [ '2.4.0' ],
30 silly audit   negotiator: [ '0.6.3' ],
30 silly audit   netmask: [ '2.0.2' ],
30 silly audit   'node-abi': [ '3.67.0' ],
30 silly audit   'node-fetch': [ '2.7.0' ],
30 silly audit   'node-gyp': [ '8.4.1' ],
30 silly audit   nodemon: [ '3.1.4' ],
30 silly audit   nopt: [ '5.0.0' ],
30 silly audit   'normalize-path': [ '3.0.0' ],
30 silly audit   nssocket: [ '0.6.0' ],
30 silly audit   'object-assign': [ '4.1.1' ],
30 silly audit   'object-inspect': [ '1.13.3' ],
30 silly audit   'on-finished': [ '2.4.1' ],
30 silly audit   once: [ '1.4.0' ],
30 silly audit   'p-map': [ '4.0.0' ],
30 silly audit   'pac-proxy-agent': [ '7.1.0' ],
30 silly audit   'socks-proxy-agent': [ '8.0.5', '6.2.1' ],
30 silly audit   'pac-resolver': [ '7.0.1' ],
30 silly audit   pako: [ '0.2.9' ],
30 silly audit   parseurl: [ '1.3.3' ],
30 silly audit   'path-is-absolute': [ '1.0.1' ],
30 silly audit   'path-parse': [ '1.0.7' ],
30 silly audit   'path-to-regexp': [ '0.1.12' ],
30 silly audit   'pg-connection-string': [ '2.6.2' ],
30 silly audit   picomatch: [ '2.3.1' ],
30 silly audit   pidusage: [ '3.0.2', '2.0.21' ],
30 silly audit   pm2: [ '5.4.3' ],
30 silly audit   'pm2-axon': [ '4.0.1' ],
30 silly audit   'pm2-axon-rpc': [ '0.7.1' ],
30 silly audit   'pm2-deploy': [ '1.0.2' ],
30 silly audit   'pm2-multimeter': [ '0.1.2' ],
30 silly audit   'pm2-sysmonit': [ '1.2.8' ],
30 silly audit   'sprintf-js': [ '1.1.2', '1.1.3' ],
30 silly audit   'prebuild-install': [ '7.1.2' ],
30 silly audit   'promise-inflight': [ '1.0.1' ],
30 silly audit   'promise-retry': [ '2.0.1' ],
30 silly audit   promptly: [ '2.2.0' ],
30 silly audit   'proxy-addr': [ '2.0.7' ],
30 silly audit   'proxy-agent': [ '6.3.1' ],
30 silly audit   'proxy-from-env': [ '1.1.0' ],
30 silly audit   'pstree.remy': [ '1.1.8' ],
30 silly audit   pump: [ '3.0.0' ],
30 silly audit   qs: [ '6.13.0' ],
30 silly audit   'range-parser': [ '1.2.1' ],
30 silly audit   'raw-body': [ '2.5.2' ],
30 silly audit   rc: [ '1.2.8' ],
30 silly audit   read: [ '1.0.7' ],
30 silly audit   'readable-stream': [ '3.6.2' ],
30 silly audit   readdirp: [ '3.6.0' ],
30 silly audit   rechoir: [ '0.8.0' ],
30 silly audit   'require-in-the-middle': [ '5.2.0' ],
30 silly audit   resolve: [ '1.22.8' ],
30 silly audit   'resolve-from': [ '5.0.0' ],
30 silly audit   retry: [ '0.12.0' ],
30 silly audit   rimraf: [ '3.0.2' ],
30 silly audit   'run-series': [ '1.1.9' ],
30 silly audit   'safe-buffer': [ '5.2.1' ],
30 silly audit   'safer-buffer': [ '2.1.2' ],
30 silly audit   sax: [ '1.4.1' ],
30 silly audit   send: [ '0.19.0' ],
30 silly audit   'serve-static': [ '1.16.2' ],
30 silly audit   'set-blocking': [ '2.0.0' ],
30 silly audit   'set-function-length': [ '1.2.2' ],
30 silly audit   setprototypeof: [ '1.2.0' ],
30 silly audit   shimmer: [ '1.2.1' ],
30 silly audit   'side-channel': [ '1.0.6' ],
30 silly audit   'signal-exit': [ '3.0.7' ],
30 silly audit   'simple-concat': [ '1.0.1' ],
30 silly audit   'simple-get': [ '4.0.1' ],
30 silly audit   'simple-update-notifier': [ '2.0.0' ],
30 silly audit   'smart-buffer': [ '4.2.0' ],
30 silly audit   socks: [ '2.8.3' ],
30 silly audit   'source-map': [ '0.6.1' ],
30 silly audit   'source-map-support': [ '0.5.21' ],
30 silly audit   sqlite: [ '5.1.1' ],
30 silly audit   sqlite3: [ '5.1.7' ],
30 silly audit   ssri: [ '8.0.1' ],
30 silly audit   statuses: [ '2.0.1' ],
30 silly audit   string_decoder: [ '1.3.0' ],
30 silly audit   'string-width': [ '4.2.3' ],
30 silly audit   'strip-ansi': [ '6.0.1' ],
30 silly audit   'strip-json-comments': [ '2.0.1' ],
30 silly audit   supervisor: [ '0.12.0' ],
30 silly audit   'supports-preserve-symlinks-flag': [ '1.0.0' ],
30 silly audit   systeminformation: [ '5.25.11' ],
30 silly audit   tar: [ '6.2.1' ],
30 silly audit   'tar-fs': [ '2.1.1' ],
30 silly audit   'tar-stream': [ '2.2.0' ],
30 silly audit   tarn: [ '3.0.2' ],
30 silly audit   tildify: [ '2.0.0' ],
30 silly audit   'to-regex-range': [ '5.0.1' ],
30 silly audit   toidentifier: [ '1.0.1' ],
30 silly audit   touch: [ '3.1.1' ],
30 silly audit   tr46: [ '0.0.3' ],
30 silly audit   'tunnel-agent': [ '0.6.0' ],
30 silly audit   tv4: [ '1.3.0' ],
30 silly audit   tx2: [ '1.0.5' ],
30 silly audit   'type-is': [ '1.6.18' ],
30 silly audit   undefsafe: [ '2.0.5' ],
30 silly audit   'unique-filename': [ '1.1.1' ],
30 silly audit   'unique-slug': [ '2.0.2' ],
30 silly audit   unpipe: [ '1.0.0' ],
30 silly audit   'util-deprecate': [ '1.0.2' ],
30 silly audit   'utils-merge': [ '1.0.1' ],
30 silly audit   vary: [ '1.1.2' ],
30 silly audit   vizion: [ '2.2.1' ],
30 silly audit   'webidl-conversions': [ '3.0.1' ],
30 silly audit   'whatwg-url': [ '5.0.0' ],
30 silly audit   which: [ '2.0.2' ],
30 silly audit   'wide-align': [ '1.1.5' ],
30 silly audit   wrappy: [ '1.0.2' ],
30 silly audit   ws: [ '7.5.10' ],
30 silly audit   yallist: [ '4.0.0' ],
30 silly audit   render: [ '0.1.4' ],
30 silly audit   traverser: [ '0.0.5' ],
30 silly audit   curry: [ '0.0.4' ]
30 silly audit }
31 verbose reify failed optional dependency C:\meus-projetos\api-debtor-customers\node_modules\fsevents
32 silly reify mark deleted [ 'C:\\meus-projetos\\api-debtor-customers\\node_modules\\fsevents' ]
33 http cache curry@https://registry.npmjs.org/curry/-/curry-0.0.4.tgz 1ms (cache hit)
34 http cache traverser@https://registry.npmjs.org/traverser/-/traverser-0.0.5.tgz 1ms (cache hit)
35 silly tarball no local data for curry@https://registry.npmjs.org/curry/-/curry-0.0.4.tgz. Extracting by manifest.
36 http cache render@https://registry.npmjs.org/render/-/render-0.1.4.tgz 0ms (cache hit)
37 silly tarball no local data for traverser@https://registry.npmjs.org/traverser/-/traverser-0.0.5.tgz. Extracting by manifest.
38 silly tarball no local data for render@https://registry.npmjs.org/render/-/render-0.1.4.tgz. Extracting by manifest.
39 http fetch POST 200 https://registry.npmjs.org/-/npm/v1/security/advisories/bulk 983ms
40 silly audit report {
40 silly audit report   axios: [
40 silly audit report     {
40 silly audit report       id: 1102472,
40 silly audit report       url: 'https://github.com/advisories/GHSA-jr5f-v2jv-69x6',
40 silly audit report       title: 'axios Requests Vulnerable To Possible SSRF and Credential Leakage via Absolute URL',
40 silly audit report       severity: 'high',
40 silly audit report       vulnerable_versions: '<1.8.2',
40 silly audit report       cwe: [Array],
40 silly audit report       cvss: [Object]
40 silly audit report     }
40 silly audit report   ]
40 silly audit report }
41 silly packumentCache corgi:https://registry.npmjs.org/axios cache-miss
42 http fetch GET 200 https://registry.npmjs.org/axios 2027ms (cache miss)
43 silly packumentCache corgi:https://registry.npmjs.org/axios set size:undefined disposed:false
44 http fetch GET 200 https://registry.npmjs.org/render/-/render-0.1.4.tgz 3755ms (cache miss)
45 http fetch GET 200 https://registry.npmjs.org/traverser/-/traverser-0.0.5.tgz 4385ms (cache miss)
46 http fetch GET 200 https://registry.npmjs.org/curry/-/curry-0.0.4.tgz 4717ms (cache miss)
47 silly ADD node_modules/curry
48 silly ADD node_modules/traverser
49 silly ADD node_modules/render
50 silly ADD
51 verbose cwd C:\meus-projetos\api-debtor-customers
52 verbose os Windows_NT 10.0.19045
53 verbose node v20.17.0
54 verbose npm  v11.1.0
55 verbose exit 0
56 info ok
