0 verbose cli C:\Program Files\nodejs\node.exe C:\Users\Malu&Matheus\AppData\Roaming\npm\node_modules\npm\bin\npm-cli.js
1 info using npm@11.1.0
2 info using node@v20.17.0
3 silly config load:file:C:\Users\Malu&Matheus\AppData\Roaming\npm\node_modules\npm\npmrc
4 silly config load:file:C:\meus-projetos\api-debtor-customers\.npmrc
5 silly config load:file:C:\Users\Malu&Matheus\.npmrc
6 silly config load:file:C:\Users\Malu&Matheus\AppData\Roaming\npm\etc\npmrc
7 verbose title npm run migrations
8 verbose argv "run" "migrations"
9 verbose logfile logs-max:10 dir:C:\meus-projetos\api-debtor-customers\npm-cache\_logs\2025-03-16T13_09_14_271Z-
10 verbose logfile C:\meus-projetos\api-debtor-customers\npm-cache\_logs\2025-03-16T13_09_14_271Z-debug-0.log
11 silly logfile start cleaning logs, removing 1 files
12 silly logfile done cleaning log files
13 verbose stack Error: Missing script: "migrations"
13 verbose stack
13 verbose stack To see a list of scripts, run:
13 verbose stack   npm run
13 verbose stack     at #run (C:\Users\Malu&Matheus\AppData\Roaming\npm\node_modules\npm\lib\commands\run-script.js:111:13)
13 verbose stack     at async RunScript.exec (C:\Users\Malu&Matheus\AppData\Roaming\npm\node_modules\npm\lib\commands\run-script.js:40:7)
13 verbose stack     at async Npm.exec (C:\Users\Malu&Matheus\AppData\Roaming\npm\node_modules\npm\lib\npm.js:207:9)
13 verbose stack     at async module.exports (C:\Users\Malu&Matheus\AppData\Roaming\npm\node_modules\npm\lib\cli\entry.js:67:5)
14 error Missing script: "migrations"
14 error
14 error To see a list of scripts, run:
14 error   npm run
15 verbose cwd C:\meus-projetos\api-debtor-customers
16 verbose os Windows_NT 10.0.19045
17 verbose node v20.17.0
18 verbose npm  v11.1.0
19 verbose exit 1
20 verbose code 1
21 error A complete log of this run can be found in: C:\meus-projetos\api-debtor-customers\npm-cache\_logs\2025-03-16T13_09_14_271Z-debug-0.log
