0 verbose cli C:\Program Files\nodejs\node.exe C:\Users\Malu&Matheus\AppData\Roaming\npm\node_modules\npm\bin\npm-cli.js
1 info using npm@11.1.0
2 info using node@v20.17.0
3 silly config load:file:C:\Users\Malu&Matheus\AppData\Roaming\npm\node_modules\npm\npmrc
4 silly config load:file:C:\Users\Malu&Matheus\.npmrc
5 silly config load:file:C:\Users\Malu&Matheus\AppData\Roaming\npm\etc\npmrc
6 verbose title npm install @render/cli
7 verbose argv "install" "--global" "@render/cli"
8 verbose logfile logs-max:10 dir:C:\meus-projetos\api-debtor-customers\npm-cache\_logs\2025-03-14T21_59_35_537Z-
9 verbose logfile C:\meus-projetos\api-debtor-customers\npm-cache\_logs\2025-03-14T21_59_35_537Z-debug-0.log
10 silly packumentCache heap:2197815296 maxSize:549453824 maxEntrySize:274726912
11 silly logfile done cleaning log files
12 silly idealTree buildDeps
13 silly fetch manifest @render/cli@*
14 silly packumentCache full:https://registry.npmjs.org/@render%2fcli cache-miss
15 http fetch GET 404 https://registry.npmjs.org/@render%2fcli 1042ms (cache skip)
16 silly placeDep ROOT @render/cli@ OK for:  want: *
17 verbose stack HttpErrorGeneral: 404 Not Found - GET https://registry.npmjs.org/@render%2fcli - Not found
17 verbose stack     at C:\Users\Malu&Matheus\AppData\Roaming\npm\node_modules\npm\node_modules\npm-registry-fetch\lib\check-response.js:103:15
17 verbose stack     at process.processTicksAndRejections (node:internal/process/task_queues:95:5)
17 verbose stack     at async RegistryFetcher.packument (C:\Users\Malu&Matheus\AppData\Roaming\npm\node_modules\npm\node_modules\pacote\lib\registry.js:90:19)
17 verbose stack     at async RegistryFetcher.manifest (C:\Users\Malu&Matheus\AppData\Roaming\npm\node_modules\npm\node_modules\pacote\lib\registry.js:128:23)
17 verbose stack     at async #fetchManifest (C:\Users\Malu&Matheus\AppData\Roaming\npm\node_modules\npm\node_modules\@npmcli\arborist\lib\arborist\build-ideal-tree.js:1202:20)
17 verbose stack     at async #nodeFromEdge (C:\Users\Malu&Matheus\AppData\Roaming\npm\node_modules\npm\node_modules\@npmcli\arborist\lib\arborist\build-ideal-tree.js:1040:19)
17 verbose stack     at async #buildDepStep (C:\Users\Malu&Matheus\AppData\Roaming\npm\node_modules\npm\node_modules\@npmcli\arborist\lib\arborist\build-ideal-tree.js:904:11)
17 verbose stack     at async Arborist.buildIdealTree (C:\Users\Malu&Matheus\AppData\Roaming\npm\node_modules\npm\node_modules\@npmcli\arborist\lib\arborist\build-ideal-tree.js:181:7)
17 verbose stack     at async Arborist.reify (C:\Users\Malu&Matheus\AppData\Roaming\npm\node_modules\npm\node_modules\@npmcli\arborist\lib\arborist\reify.js:131:5)
17 verbose stack     at async Install.exec (C:\Users\Malu&Matheus\AppData\Roaming\npm\node_modules\npm\lib\commands\install.js:149:5)
18 verbose statusCode 404
19 verbose pkgid @render/cli@*
20 error code E404
21 error 404 Not Found - GET https://registry.npmjs.org/@render%2fcli - Not found
22 error 404
23 error 404  '@render/cli@*' is not in this registry.
24 error 404
25 error 404 Note that you can also install from a
26 error 404 tarball, folder, http url, or git url.
27 silly unfinished npm timer reify 1741989577834
28 silly unfinished npm timer reify:loadTrees 1741989577845
29 verbose cwd C:\meus-projetos\api-debtor-customers
30 verbose os Windows_NT 10.0.19045
31 verbose node v20.17.0
32 verbose npm  v11.1.0
33 verbose exit 1
34 verbose code 1
35 error A complete log of this run can be found in: C:\meus-projetos\api-debtor-customers\npm-cache\_logs\2025-03-14T21_59_35_537Z-debug-0.log
